<?xml version="1.0" encoding="UTF-8"?>
<!-- Generated by org.testng.reporters.JUnitReportReporter -->
<testsuite hostname="C02FWAWAMD6M" failures="5" tests="11" name="runner.TestRunner" time="5.644" errors="0" timestamp="2024-08-29T23:20:37 IST" skipped="0">
  <testcase classname="runner.TestRunner" name="runScenario" time="0.396">
    <failure message="expected [403] but found [200]" type="java.lang.AssertionError">
      <![CDATA[java.lang.AssertionError: expected [403] but found [200]
at org.testng.Assert.fail(Assert.java:111)
at org.testng.Assert.failNotEquals(Assert.java:1578)
at org.testng.Assert.assertEqualsImpl(Assert.java:150)
at org.testng.Assert.assertEquals(Assert.java:132)
at org.testng.Assert.assertEquals(Assert.java:1419)
at org.testng.Assert.assertEquals(Assert.java:1383)
at org.testng.Assert.assertEquals(Assert.java:1429)
at stepDefinitions.geolocationVerificationStepDefinition.theAPIShouldReturnAStatusCode(geolocationVerificationStepDefinition.java:47)
at ✽.the API should return a 200 status code(file:///Users/monikadubey/Downloads/GeolocationApiAutomation-master%202/src/test/resources/features/geolocationVerification.feature:12)
]]>
    </failure>
  </testcase> <!-- runScenario -->
  <testcase classname="runner.TestRunner" name="runScenario" time="0.310"/>
  <testcase classname="runner.TestRunner" name="runScenario" time="0.361">
    <failure message="expected [403] but found [404]" type="java.lang.AssertionError">
      <![CDATA[java.lang.AssertionError: expected [403] but found [404]
at org.testng.Assert.fail(Assert.java:111)
at org.testng.Assert.failNotEquals(Assert.java:1578)
at org.testng.Assert.assertEqualsImpl(Assert.java:150)
at org.testng.Assert.assertEquals(Assert.java:132)
at org.testng.Assert.assertEquals(Assert.java:1419)
at org.testng.Assert.assertEquals(Assert.java:1383)
at org.testng.Assert.assertEquals(Assert.java:1429)
at stepDefinitions.geolocationVerificationStepDefinition.theAPIShouldReturnAStatusCode(geolocationVerificationStepDefinition.java:47)
at ✽.the API should return a 404 status code(file:///Users/monikadubey/Downloads/GeolocationApiAutomation-master%202/src/test/resources/features/geolocationVerification.feature:54)
]]>
    </failure>
  </testcase> <!-- runScenario -->
  <testcase classname="runner.TestRunner" name="runScenario" time="0.372">
    <failure message="expected [403] but found [200]" type="java.lang.AssertionError">
      <![CDATA[java.lang.AssertionError: expected [403] but found [200]
at org.testng.Assert.fail(Assert.java:111)
at org.testng.Assert.failNotEquals(Assert.java:1578)
at org.testng.Assert.assertEqualsImpl(Assert.java:150)
at org.testng.Assert.assertEquals(Assert.java:132)
at org.testng.Assert.assertEquals(Assert.java:1419)
at org.testng.Assert.assertEquals(Assert.java:1383)
at org.testng.Assert.assertEquals(Assert.java:1429)
at stepDefinitions.geolocationVerificationStepDefinition.theAPIShouldReturnAStatusCode(geolocationVerificationStepDefinition.java:47)
at ✽.the API should return a 200 status code(file:///Users/monikadubey/Downloads/GeolocationApiAutomation-master%202/src/test/resources/features/geolocationVerification.feature:60)
]]>
    </failure>
  </testcase> <!-- runScenario -->
  <testcase classname="runner.TestRunner" name="runScenario" time="0.341"/>
  <testcase classname="runner.TestRunner" name="runScenario" time="0.330">
    <failure message="expected [403] but found [200]" type="java.lang.AssertionError">
      <![CDATA[java.lang.AssertionError: expected [403] but found [200]
at org.testng.Assert.fail(Assert.java:111)
at org.testng.Assert.failNotEquals(Assert.java:1578)
at org.testng.Assert.assertEqualsImpl(Assert.java:150)
at org.testng.Assert.assertEquals(Assert.java:132)
at org.testng.Assert.assertEquals(Assert.java:1419)
at org.testng.Assert.assertEquals(Assert.java:1383)
at org.testng.Assert.assertEquals(Assert.java:1429)
at stepDefinitions.geolocationVerificationStepDefinition.theAPIShouldReturnAStatusCode(geolocationVerificationStepDefinition.java:47)
at ✽.the API should return a 200 status code(file:///Users/monikadubey/Downloads/GeolocationApiAutomation-master%202/src/test/resources/features/geolocationVerification.feature:66)
]]>
    </failure>
  </testcase> <!-- runScenario -->
  <testcase classname="runner.TestRunner" name="runScenario" time="0.674"/>
  <testcase classname="runner.TestRunner" name="runScenario" time="0.361"/>
  <testcase classname="runner.TestRunner" name="runScenario" time="1.797">
    <failure message="expected [403] but found [200]" type="java.lang.AssertionError">
      <![CDATA[java.lang.AssertionError: expected [403] but found [200]
at org.testng.Assert.fail(Assert.java:111)
at org.testng.Assert.failNotEquals(Assert.java:1578)
at org.testng.Assert.assertEqualsImpl(Assert.java:150)
at org.testng.Assert.assertEquals(Assert.java:132)
at org.testng.Assert.assertEquals(Assert.java:1419)
at org.testng.Assert.assertEquals(Assert.java:1383)
at org.testng.Assert.assertEquals(Assert.java:1429)
at stepDefinitions.geolocationVerificationStepDefinition.theAPIShouldReturnAStatusCode(geolocationVerificationStepDefinition.java:47)
at ✽.the API should return a 200 status code(file:///Users/monikadubey/Downloads/GeolocationApiAutomation-master%202/src/test/resources/features/geolocationVerification.feature:6)
]]>
    </failure>
  </testcase> <!-- runScenario -->
  <testcase classname="runner.TestRunner" name="runScenario" time="0.345"/>
  <testcase classname="runner.TestRunner" name="runScenario" time="0.357"/>
</testsuite> <!-- runner.TestRunner -->
